[2022-04-10 17:41:29,624]|0.000000|transform|test_a|6|start|(20, 1)
[2022-04-10 17:41:29,625]|0.000128|transform|test_a|6|end|(15, 1)
[2022-04-10 17:41:29,639]|0.000000|transform|test_b|12|start|(20, 1)
[2022-04-10 17:41:29,641]|0.000087|transform|test_b|12|end|(10, 1)
[2022-04-10 17:41:29,655]|0.000000|transform|test_a|6|start|(20, 1)
[2022-04-10 17:41:29,657]|0.000083|transform|test_a|6|end|(15, 1)
[2022-04-10 17:41:29,663]|0.000000|transform|test_b|12|start|(15, 1)
[2022-04-10 17:41:29,664]|0.000087|transform|test_b|12|end|(10, 1)
[2022-04-10 17:41:29,669]|0.000000|transform|testing|7|start|(20, 1)
[2022-04-10 17:41:29,671]|0.000084|transform|testing|7|end|(5, 1)
[2022-04-10 17:41:32,039]|0.006357|extract|extract_train_raw|13|epoch|(891, 12)
[2022-04-10 17:41:32,062]|0.014953|load|load_train_interim|25|epoch|(891, 12)
[2022-04-10 17:41:32,075]|0.007209|extract|extract_train_interim|19|epoch|(891, 12)
[2022-04-10 17:41:32,095]|0.011785|load|load_train_processed|31|epoch|(891, 12)
[2022-04-10 17:41:32,110]|0.007601|extract|extract_train_processed|25|epoch|(891, 12)
[2022-04-10 17:41:33,245]|0.006181|extract|extract_test_raw|16|epoch|(418, 11)
[2022-04-10 17:41:33,261]|0.008756|load|load_test_interim|28|epoch|(418, 11)
[2022-04-10 17:41:33,272]|0.005208|extract|extract_test_interim|22|epoch|(418, 11)
[2022-04-10 17:41:33,292]|0.008434|load|load_test_processed|34|epoch|(418, 11)
[2022-04-10 17:41:33,305]|0.006228|extract|extract_test_processed|28|epoch|(418, 11)
[2022-04-10 17:47:48,506]|0.000000|transform|test_a|6|start|(20, 1)
[2022-04-10 17:47:48,507]|0.000141|transform|test_a|6|end|(15, 1)
[2022-04-10 17:47:48,518]|0.000000|transform|test_b|12|start|(20, 1)
[2022-04-10 17:47:48,521]|0.000208|transform|test_b|12|end|(10, 1)
[2022-04-10 17:47:48,538]|0.000000|transform|test_a|6|start|(20, 1)
[2022-04-10 17:47:48,540]|0.000165|transform|test_a|6|end|(15, 1)
[2022-04-10 17:47:48,550]|0.000000|transform|test_b|12|start|(15, 1)
[2022-04-10 17:47:48,552]|0.000183|transform|test_b|12|end|(10, 1)
[2022-04-10 17:47:48,565]|0.000000|transform|testing|7|start|(20, 1)
[2022-04-10 17:47:48,568]|0.000422|transform|testing|7|end|(5, 1)
[2022-04-10 17:47:48,988]|0.009067|extract|extract_train_raw|13|epoch|(891, 12)
[2022-04-10 17:47:49,010]|0.013144|load|load_train_interim|25|epoch|(891, 12)
[2022-04-10 17:47:49,027]|0.009698|extract|extract_train_interim|19|epoch|(891, 12)
[2022-04-10 17:47:49,048]|0.013668|load|load_train_processed|31|epoch|(891, 12)
[2022-04-10 17:47:49,067]|0.011437|extract|extract_train_processed|25|epoch|(891, 12)
[2022-04-10 17:47:49,434]|0.006838|extract|extract_test_raw|16|epoch|(418, 11)
[2022-04-10 17:47:49,454]|0.011260|load|load_test_interim|28|epoch|(418, 11)
[2022-04-10 17:47:49,471]|0.009464|extract|extract_test_interim|22|epoch|(418, 11)
[2022-04-10 17:47:49,491]|0.011952|load|load_test_processed|34|epoch|(418, 11)
[2022-04-10 17:47:49,507]|0.007771|extract|extract_test_processed|28|epoch|(418, 11)
